("GATO" nil (G A T O))
("RATO" nil (R A T O))
("PATO" nil (P A T O))
("PASO" nil (P A S O))
("DIVIDIDA" nil (D I V I D I D A))
("DERRUMBó" nil (D E RR U M B O))
("CONSTATAR" nil (K O N S T A T A R))
("CHUPAMOS" nil (CH U P A M O S))
("EJECUTIVO" nil (E J E K U T I V O))
("OFREZCAN" nil (O F R E S K A N))
("MISTERIOS" nil (M I S T E R I O S))
("MEDICINALES" nil (M E D I S I N A L E S))
("EPIDEMIA" nil (E P I D E M I A))
("BUSCA" nil (B U S K A))
("DEBO" nil (D E B O))
("REFLEJE" nil (RR E F L E J E))
("HAGO" nil (A G O))
("CAMBIARON" nil (K A M B I A R O N))
("COMPUESTA" nil (K O M P U E S T A))
("SHIKOTáN" nil (S I K O T A N))
("CORREDOR" nil (K O RR E D O R))
("MORAS" nil (M O R A S))
("CUIDADOSA" nil (K U I D A D O S A))
("DIFíCILES" nil (D I F I S I L E S))
("NARANJAS" nil (N A R A N J A S))
("ABORTADA" nil (A B O R T A D A))
("DESCONGESTIONAR" nil (D E S K O N J E S T I O N A R))
("ESPOSA" nil (E S P O S A))
("SILES" nil (S I L E S))
("MANUTENCIóN" nil (M A N U T E N S I O N))
("DETERMINAR" nil (D E T E R M I N A R))
("INDISCUTIBLEMENTE" nil (I N D I S K U T I B L E M E N T E))
("MARIA" nil (M A R I A))
("CAVADO" nil (K A V A D O))
("OBVIAS" nil (O B V I A S))
("REPROGRAMA" nil (RR E P R O G R A M A))
("VENDEDORES" nil (V E N D E D O R E S))
("NOTIFIQUE" nil (N O T I F I K E))
("SUFICIENTES" nil (S U F I S I E N T E S))
("WILSON" nil (U I L S O N))
("O" nil (O))
("AYACUCHO" nil (A Y A K U CH O))
("NARAYANáN" nil (N A R A Y A N A N))
("BLANCA" nil (B L A N K A))
("DISCOVERY" nil (D I S K O V E R I))
("PRESIDENCIAL" nil (P R E S I D E N S I A L))
("HAST" nil (A S T))
("DESTACA" nil (D E S T A K A))
("MEDIAR" nil (M E D I A R))
("éSTAS" nil (E S T A S))
("NOCHES" nil (N O CH E S))
("RESISTIENDO" nil (RR E S I S T I E N D O))
("ALEGRES" nil (A L E G R E S))
("TELEVISIVAS" nil (T E L E V I S I V A S))
("CéNTRICAS" nil (S E N T R I K A S))
("DETENIENDO" nil (D E T E N I E N D O))
("QUEDAN" nil (K E D A N))
("BODAS" nil (B O D A S))
("POLLEROS" nil (P O LL E R O S))
("INTERPRETACIONES" nil (I N T E R P R E T A S I O N E S))
("IKEDA" nil (I K E D A))
("ADQUIRIR" nil (A D K I R I R))
("LOCALIZADO" nil (L O K A L I S A D O))
("VALENZUELA" nil (V A L E N S U E L A))
("YA" nil (Y A))
("DESESPERACIóN" nil (D E S E S P E R A S I O N))
("ATLéTICA" nil (A T L E T I K A))
("CORRE" nil (K O RR E))
("BERAKAD" nil (B E R A K A D))
("FALTABA" nil (F A L T A B A))
("GARROTAZOS" nil (G A RR O T A S O S))
("JEBRIL" nil (J E B R I L))
("DEPREDACIONES" nil (D E P R E D A S I O N E S))
("ACIERTA" nil (A S I E R T A))
("INICIATIVAS" nil (I N I S I A T I V A S))
("ASEGúRESE" nil (A S E G U R E S E))
("SUSPENDERáN" nil (S U S P E N D E R A N))
("CONMOVIDO" nil (K O N M O V I D O))
("AGITACIóN" nil (A J I T A S I O N))
("PRODUCIRSE" nil (P R O D U S I R S E))
("DESOCUPACIóN" nil (D E S O K U P A S I O N))
("TUTSIS" nil (T U T S I S))
("ESTRATéGICA" nil (E S T R A T E J I K A))
("PRESA" nil (P R E S A))
("RECIBIENDO" nil (RR E S I B I E N D O))
("ACABE" nil (A K A B E))
("CAPACES" nil (K A P A S E S))
("REVOCAR" nil (RR E V O K A R))
("FUNCIONARIO" nil (F U N S I O N A R I O))
("RAPPAPORT" nil (RR A P P A P O R T))
("ZARAGOZA" nil (S A R A G O S A))
("TRATó" nil (T R A T O))
("DESAGRADO" nil (D E S A G R A D O))
("EXACERBAR" nil (E X A S E R B A R))
("CALLEJAS" nil (K A LL E J A S))
("ARMáN" nil (A R M A N))
("PRIVADOS" nil (P R I V A D O S))
("RANGERS" nil (RR A N J E R S))
("CONFORMADA" nil (K O N F O R M A D A))
("LEGAL" nil (L E G A L))
("DEJAN" nil (D E J A N))
("BOEING" nil (B O E I N G))
("OCASIONES" nil (O K A S I O N E S))
("INCREMENTADO" nil (I N K R E M E N T A D O))
("MARC" nil (M A R K))
("EUROPEAS" nil (E U R O P E A S))
("REVERSO" nil (RR E V E R S O))
("CAMISA" nil (K A M I S A))
("JAPóN" nil (J A P O N))
("ARRANCADO" nil (A RR A N K A D O))
("JUGARLOS" nil (J U G A R L O S))
("JEFA" nil (J E F A))
("REGRESAN" nil (RR E G R E S A N))
("RECOMIENDEN" nil (RR E K O M I E N D E N))
("ATRIBUYEN" nil (A T R I B U Y E N))
("BRUSELAS" nil (B R U S E L A S))
("AZOTE" nil (A S O T E))
("AJETREADO" nil (A J E T R E A D O))
("INGIEREN" nil (I N J I E R E N))
("PELíCULA" nil (P E L I K U L A))
("MEDINA" nil (M E D I N A))
("FLOTE" nil (F L O T E))
("LIMITACIóN" nil (L I M I T A S I O N))
("GOLPEAN" nil (G O L P E A N))
("ENCUESTADOS" nil (E N K U E S T A D O S))
("CERTIFICACIóN" nil (S E R T I F I K A S I O N))
("CONSISTE" nil (K O N S I S T E))
("AVIA" nil (A V I A))
("VEREDICTOS" nil (V E R E D I K T O S))
("VIALIDADES" nil (V I A L I D A D E S))
("HAITIANOS" nil (A I T I A N O S))
("MARQUE" nil (M A R K E))
("CóLERA" nil (K O L E R A))
("RELIQUIA" nil (RR E L I K I A))
("PRESIDENCIALISMO" nil (P R E S I D E N S I A L I S M O))
("SUGERíA" nil (S U J E R I A))
("INTERGUBERNAMENTAL" nil (I N T E R G U B E R N A M E N T A L))
("KONG" nil (K O N G))
("PERTENENCIA" nil (P E R T E N E N S I A))
("DESTACAMENTO" nil (D E S T A K A M E N T O))
("COLóN" nil (K O L O N))
("AMERICANIZACIóN" nil (A M E R I K A N I S A S I O N))
("CANALIZACIóN" nil (K A N A L I S A S I O N))
("CAñóN" nil (K A GN O N))
("URCADES" nil (U R K A D E S))
("MAGISTRADOS" nil (M A J I S T R A D O S))
("PATRIOTA" nil (P A T R I O T A))
("OFENDIó" nil (O F E N D I O))
("GILBERTO" nil (J I L B E R T O))
("CRíA" nil (K R I A))
("FALTAN" nil (F A L T A N))
("REPRODUCTIVOS" nil (RR E P R O D U K T I V O S))
("PRODEMOCRACIA" nil (P R O D E M O K R A S I A))
("CONFUNDIDOS" nil (K O N F U N D I D O S))
("RETRASADO" nil (RR E T R A S A D O))
("CONFERENCIAS" nil (K O N F E R E N S I A S))
("REDUJO" nil (RR E D U J O))
("UTILIZADAS" nil (U T I L I S A D A S))
("ADU" nil (A D U))
("DIRIMA" nil (D I R I M A))
("PUDO" nil (P U D O))
("COLLAGE" nil (K O LL A J E))
("KIET" nil (K I E T))
("RETROCESO" nil (RR E T R O S E S O))
("SERIES" nil (S E R I E S))
("COPROTAGONIZADA" nil (K O P R O T A G O N I S A D A))
("PROVOCáNDOLE" nil (P R O V O K A N D O L E))
("RESPIRABAN" nil (RR E S P I R A B A N))
("RELLENANDO" nil (RR E LL E N A N D O))
("EXIGIERA" nil (E X I J I E R A))
("SOSPECHA" nil (S O S P E CH A))
("TEXTO" nil (T E X T O))
("FUNDADORES" nil (F U N D A D O R E S))
("INICIALES" nil (I N I S I A L E S))
("BIBLIOTECA" nil (B I B L I O T E K A))
("INSATISFACCIóN" nil (I N S A T I S F A K S I O N))
("CABEN" nil (K A B E N))
("POLARIZADA" nil (P O L A R I S A D A))
("PENSARON" nil (P E N S A R O N))
("ALCANZADA" nil (A L K A N S A D A))
("CONTRARRESTAR" nil (K O N T R A RR E S T A R))
("MAFIAS" nil (M A F I A S))
("TREJO" nil (T R E J O))
("GUAJIRA" nil (G U A J I R A))
("COMETIERA" nil (K O M E T I E R A))
("DESCENTRALIZACIóN" nil (D E S E N T R A L I S A S I O N))
("CORRIDO" nil (K O RR I D O))
("JUN" nil (J U N))
("INGRESOS" nil (I N G R E S O S))
("DECRECEN" nil (D E K R E S E N))
("GALINDO" nil (G A L I N D O))
("ACTIVISTA" nil (A K T I V I S T A))
("HABLO" nil (A B L O))
("GRUPOS" nil (G R U P O S))
("NARCOTERRORISMO" nil (N A R K O T E RR O R I S M O))
("REBAJADO" nil (RR E B A J A D O))
("SURGIDAS" nil (S U R J I D A S))
("JUNTARá" nil (J U N T A R A))
("PERNELL" nil (P E R N E LL))
("DISPONEN" nil (D I S P O N E N))
("PROBARE" nil (P R O B A R E))
("FANTASíA" nil (F A N T A S I A))
("JUSTIFIQUEN" nil (J U S T I F I K E N))
("EMPRENDEDOR" nil (E M P R E N D E D O R))
("FLEXIBILIDAD" nil (F L E X I B I L I D A D))
("PASEANDO" nil (P A S E A N D O))
("OSCILA" nil (O S I L A))
("FELICITAR" nil (F E L I S I T A R))
("POLíTICO" nil (P O L I T I K O))
("DEPORTABLE" nil (D E P O R T A B L E))
("PúBLICAS" nil (P U B L I K A S))
("FAVORABLE" nil (F A V O R A B L E))
("SEñOR" nil (S E GN O R))
("EUROPEOS" nil (E U R O P E O S))
("FOBIA" nil (F O B I A))
("ASTA" nil (A S T A))
("CORRAS" nil (K O RR A S))
("RECOMENDADAS" nil (RR E K O M E N D A D A S))
("RESPETAMOS" nil (RR E S P E T A M O S))
("TRIVIALIZAR" nil (T R I V I A L I S A R))
("ABORDANDO" nil (A B O R D A N D O))
("LINCHAMIENTO" nil (L I N CH A M I E N T O))
("BUñUELOS" nil (B U GN U E L O S))
("PREVENTIVAS" nil (P R E V E N T I V A S))
("NACIONES" nil (N A S I O N E S))
("RASTRILLAJE" nil (RR A S T R I LL A J E))
("BUEYES" nil (B U E Y E S))
("OLIVARRI" nil (O L I V A RR I))
("REGULAN" nil (RR E G U L A N))
("DOTADO" nil (D O T A D O))
("HABLAREMOS" nil (A B L A R E M O S))
("EXIGIó" nil (E X I J I O))
("CARDENALES" nil (K A R D E N A L E S))
("HARíA" nil (A R I A))
("COAHUILA" nil (K O A U I L A))
("ENFATIZARON" nil (E N F A T I S A R O N))
("CAíAN" nil (K A I A N))
("SEñALES" nil (S E GN A L E S))
("RECOMPENSADOS" nil (RR E K O M P E N S A D O S))
("VALUJET" nil (V A L U J E T))
("ADMIRADíSIMO" nil (A D M I R A D I S I M O))
("DOCUMENTOS" nil (D O K U M E N T O S))
("CONVIRTIERON" nil (K O N V I R T I E R O N))
("PERTENECE" nil (P E R T E N E S E))
("ATóMICOS" nil (A T O M I K O S))
("MALESTAR" nil (M A L E S T A R))
("VIEJO" nil (V I E J O))
("EJERCITARSE" nil (E J E R S I T A R S E))
("AFRICANO" nil (A F R I K A N O))
("INTRODUCCIóN" nil (I N T R O D U K S I O N))
("TOTALITARISMO" nil (T O T A L I T A R I S M O))
("MOSTRAREMOS" nil (M O S T R A R E M O S))
("PRECIPITó" nil (P R E S I P I T O))
("DIVULGó" nil (D I V U L G O))
("SOBORNO" nil (S O B O R N O))
("ANGLOSAJONES" nil (A N G L O S A J O N E S))
("SUECIA" nil (S U E S I A))
("VENERADO" nil (V E N E R A D O))
("IMITEN" nil (I M I T E N))
("PHNOM" nil (P N O M))
("INDISCUTIBLE" nil (I N D I S K U T I B L E))
("LOBAINA" nil (L O B A I N A))
("PATENTES" nil (P A T E N T E S))
("ABANDONADA" nil (A B A N D O N A D A))
("PERíODOS" nil (P E R I O D O S))
("MEDICINA" nil (M E D I S I N A))
("ENTORPECIENDO" nil (E N T O R P E S I E N D O))
("PURITANISMO" nil (P U R I T A N I S M O))
("COMBATIENTES" nil (K O M B A T I E N T E S))
("PROVERBIO" nil (P R O V E R B I O))
("PRóCERES" nil (P R O S E R E S))
("FIDEDIGNA" nil (F I D E D I G N A))
("OBJETO" nil (O B J E T O))
("TIFUS" nil (T I F U S))
("DETECTOR" nil (D E T E K T O R))
("ADOPTAN" nil (A D O P T A N))
("METAANFETAMINA" nil (M E T A A N F E T A M I N A))
("RAURIMU" nil (RR A U R I M U))
("ARGENTINA" nil (A R J E N T I N A))
("FLUYAN" nil (F L U Y A N))
("PERECIERON" nil (P E R E S I E R O N))
("ESFUERCEN" nil (E S F U E R S E N))
("LANZó" nil (L A N S O))
("TEMARIO" nil (T E M A R I O))
("ROBARSE" nil (RR O B A R S E))
("VENTA" nil (V E N T A))
("FUTUROS" nil (F U T U R O S))
("TENIENDO" nil (T E N I E N D O))
("REFERIRME" nil (RR E F E R I R M E))
("SEPARACIONES" nil (S E P A R A S I O N E S))
("DIRé" nil (D I R E))
("GIOVANNI" nil (J I O V A N N I))
("SUBURBAN" nil (S U B U R B A N))
("SOMNIDEROS" nil (S O M N I D E R O S))
("APRENDIERON" nil (A P R E N D I E R O N))
("MONTAñA" nil (M O N T A GN A))
("CARMITA" nil (K A R M I T A))
("SITUADO" nil (S I T U A D O))
("CAUCES" nil (K A U S E S))
("AHUICA" nil (A U I K A))
("SUCEDIDO" nil (S U S E D I D O))
("APEYA" nil (A P E Y A))
("CRUCEIRO" nil (K R U S E I R O))
("CONVERTIRíA" nil (K O N V E R T I R I A))
("SETECIENTAS" nil (S E T E S I E N T A S))
("SEGURA" nil (S E G U R A))
("CONCRETAS" nil (K O N K R E T A S))
("EMPEZADO" nil (E M P E S A D O))
("INDONESIA" nil (I N D O N E S I A))
("CONFUSAS" nil (K O N F U S A S))
("DOTARON" nil (D O T A R O N))
("ESCRUTAR" nil (E S K R U T A R))
("INSERCIóN" nil (I N S E R S I O N))
("ENTREGAMOS" nil (E N T R E G A M O S))
("TRISTEMENTE" nil (T R I S T E M E N T E))
("FORMULARIOS" nil (F O R M U L A R I O S))
("IMPRENTA" nil (I M P R E N T A))
("CARRO" nil (K A RR O))
("FáCILES" nil (F A S I L E S))
("PATRIOTAS" nil (P A T R I O T A S))
("HAMILTON" nil (A M I L T O N))
("SUBVERSIVO" nil (S U B V E R S I V O))
("ANCAP" nil (A N K A P))
("VIOLARON" nil (V I O L A R O N))
("ENVIARAN" nil (E N V I A R A N))
("JóVENES" nil (J O V E N E S))
("ASIáTICO" nil (A S I A T I K O))
("DESINFORMADO" nil (D E S I N F O R M A D O))
("FRESA" nil (F R E S A))
("TERMINACIóN" nil (T E R M I N A S I O N))
("ENFERMó" nil (E N F E R M O))
("BETHESDA" nil (B E T E S D A))
("ASESTA" nil (A S E S T A))
("CER" nil (S E R))
("FRACTURA" nil (F R A K T U R A))
("CREATIVA" nil (K R E A T I V A))
("DEVOLUCIONES" nil (D E V O L U S I O N E S))
("INFORMO" nil (I N F O R M O))
("GUSTARON" nil (G U S T A R O N))
("SECLUSIóN" nil (S E K L U S I O N))
("LLEGUEMOS" nil (LL E G E M O S))
("LIMITAR" nil (L I M I T A R))
("FRIGORíFICO" nil (F R I G O R I F I K O))
("EVITó" nil (E V I T O))
("MATANCERO" nil (M A T A N S E R O))
("CHIRIDO" nil (CH I R I D O))
("DESTRUIRá" nil (D E S T R U I R A))
("PREOCUPADAS" nil (P R E O K U P A D A S))
("PRESENTARáN" nil (P R E S E N T A R A N))
("PACíFICO" nil (P A S I F I K O))
("IMPOSICIóN" nil (I M P O S I S I O N))
("PREOCUPARNOS" nil (P R E O K U P A R N O S))
("RIVER" nil (RR I V E R))
("MAGNíFICAMENTE" nil (M A G N I F I K A M E N T E))
("PROFESORA" nil (P R O F E S O R A))
("KEANU" nil (K E A N U))
("LIBERASOCIADO" nil (L I B E R A S O S I A D O))
("ARISTIDE" nil (A R I S T I D E))
("ANTICONSTITUCIONAL" nil (A N T I K O N S T I T U S I O N A L))
("PLUSMARQUISTA" nil (P L U S M A R K I S T A))
("FRENAR" nil (F R E N A R))
("REVOLUCIONARIO" nil (RR E V O L U S I O N A R I O))
("ADECUAR" nil (A D E K U A R))
("EXPLICACIONES" nil (E X P L I K A S I O N E S))
("RECIPIENTE" nil (RR E S I P I E N T E))
("ENVIDIA" nil (E N V I D I A))
("INDICAR" nil (I N D I K A R))
("PRóSPERO" nil (P R O S P E R O))
("RECHACE" nil (RR E CH A S E))
("HACIéNDONOS" nil (A S I E N D O N O S))
("TRASPASO" nil (T R A S P A S O))
("PAROS" nil (P A R O S))
("DIERON" nil (D I E R O N))
("SALUDAR" nil (S A L U D A R))
("RIZO" nil (RR I S O))
("SALAS" nil (S A L A S))
("CALCULABA" nil (K A L K U L A B A))
("DICTARA" nil (D I K T A R A))
("USAN" nil (U S A N))
("MISIóN" nil (M I S I O N))
("SUBCONTEO" nil (S U B K O N T E O))
("MUERTA" nil (M U E R T A))
("BRUTA" nil (B R U T A))
("SUPRESIóN" nil (S U P R E S I O N))
("VENTILACIóN" nil (V E N T I L A S I O N))
("FACULTADO" nil (F A K U L T A D O))
("DICTADURAS" nil (D I K T A D U R A S))
("CALIFORNIANO" nil (K A L I F O R N I A N O))
("CONSTANTEMENTE" nil (K O N S T A N T E M E N T E))
("LETINEN" nil (L E T I N E N))
("MOTOS" nil (M O T O S))
("PRIVATIZAR" nil (P R I V A T I S A R))
("MEZCOLANZA" nil (M E S K O L A N S A))
("POLLEROS" nil (P O LL E R O S))
("MEMBRETE" nil (M E M B R E T E))
("CHERO" nil (CH E R O))
("RONDA" nil (RR O N D A))
("DESESPERA" nil (D E S E S P E R A))
("JUNTA" nil (J U N T A))
("MOMENTOS" nil (M O M E N T O S))
("EDUCADOR" nil (E D U K A D O R))
("PROPIETARIA" nil (P R O P I E T A R I A))
("QUEDANDO" nil (K E D A N D O))
("CONDICIóN" nil (K O N D I S I O N))
("REDOBLEN" nil (RR E D O B L E N))
("CARDENISTA" nil (K A R D E N I S T A))
("DEFINIó" nil (D E F I N I O))
("RóTULO" nil (RR O T U L O))
("ONDA" nil (O N D A))
("DELICADOS" nil (D E L I K A D O S))
("FUMARON" nil (F U M A R O N))
("CANTAN" nil (K A N T A N))
("ADMIRACIóN" nil (A D M I R A S I O N))
("MEDICAMENTO" nil (M E D I K A M E N T O))
("PROPORCIONARá" nil (P R O P O R S I O N A R A))
("REVOCó" nil (RR E V O K O))
("ABORDADOS" nil (A B O R D A D O S))
("FIDELIDAD" nil (F I D E L I D A D))
("CARECER" nil (K A R E S E R))
("MAASTRICHT" nil (M A A S T R I CH T))
("VETARA" nil (V E T A R A))
("DIFICULTA" nil (D I F I K U L T A))
("ZAMORA" nil (S A M O R A))
("VICEMINISTRO" nil (V I S E M I N I S T R O))
("INDICáNDOSE" nil (I N D I K A N D O S E))
("JESúS" nil (J E S U S))
("REDUCIR" nil (RR E D U S I R))
("INDEBIDOS" nil (I N D E B I D O S))
("CORRIERON" nil (K O RR I E R O N))
("RECHAZARíA" nil (RR E CH A S A R I A))
("PREMEDITACIóN" nil (P R E M E D I T A S I O N))
("BOTELLAZOS" nil (B O T E LL A S O S))
("COORDINADORA" nil (K O O R D I N A D O R A))
("AGUDA" nil (A G U D A))
("DULCINEAS" nil (D U L S I N E A S))
("TURISTA" nil (T U R I S T A))
("COMPROMETIERON" nil (K O M P R O M E T I E R O N))
("SOCIALISTA" nil (S O S I A L I S T A))
("ANOTó" nil (A N O T O))
("COMPLICACIóN" nil (K O M P L I K A S I O N))
("INHIBIR" nil (I N I B I R))
("DEPóSITO" nil (D E P O S I T O))
("DISENTIR" nil (D I S E N T I R))
("DESCUBRIó" nil (D E S K U B R I O))
("MORRAL" nil (M O RR A L))
("POBLADAS" nil (P O B L A D A S))
("CERTIFICADO" nil (S E R T I F I K A D O))
("RESGUARDAR" nil (RR E S G U A R D A R))
("HIGHLINE" nil (I G L I N E))
("SALE" nil (S A L E))
("AUMENTO" nil (A U M E N T O))
("EXISTIR" nil (E X I S T I R))
("PACíFICAS" nil (P A S I F I K A S))
("TENíAMOS" nil (T E N I A M O S))
("PORTUGAL" nil (P O R T U G A L))
("OBCENIDAD" nil (O B S E N I D A D))
("ACUDIó" nil (A K U D I O))
("SECRETO" nil (S E K R E T O))
("COMPAGINA" nil (K O M P A J I N A))
("AYUDA" nil (A Y U D A))
("HEMICICLO" nil (E M I S I K L O))
("EDUCATIVAS" nil (E D U K A T I V A S))
("SUSCITARSE" nil (S U S I T A R S E))
("CANCILLERíA" nil (K A N S I L L E R I A))
("NERABLE" nil (N E R A B L E))
("TRAIL" nil (T R A I L))
("ALIJA" nil (A L I J A))
("TENDIENTES" nil (T E N D I E N T E S))
("SUBVERSIVOS" nil (S U B V E R S I V O S))
("CARRETERO" nil (K A RR E T E R O))
("PRATT" nil (P R A T T))
("MOLESTáNDOLE" nil (M O L E S T A N D O L E))
("COYOTES" nil (K O Y O T E S))
("DOSCIENTAS" nil (D O S I E N T A S))
("AUDEU" nil (A U D E U))
("POBLACIONES" nil (P O B L A S I O N E S))
("CUADRAS" nil (K U A D R A S))
("HABERLE" nil (A B E R L E))
("NIEVE" nil (N I E V E))
("SALTEN" nil (S A L T E N))
("METAL" nil (M E T A L))
("ARQUIDIóCESIS" nil (A R K I D I O S E S I S))
("IDEOLOGíA" nil (I D E O L O J I A))
("BOBBY" nil (B O B B I))
("TELINOR" nil (T E L I N O R))
("VOASAT" nil (V O A S A T))
("LIMITA" nil (L I M I T A))
("COLGAR" nil (K O L G A R))
("TELúRICO" nil (T E L U R I K O))
("BENDICIóN" nil (B E N D I S I O N))
("ENTREGARá" nil (E N T R E G A R A))
("ELOGIó" nil (E L O J I O))
("PLAGAS" nil (P L A G A S))
("ALBERTO" nil (A L B E R T O))
("PROHIBIDO" nil (P R O I B I D O))
("SUFRIR" nil (S U F R I R))
("EXIGE" nil (E X I J E))
("LIDIA" nil (L I D I A))
("UBICADAS" nil (U B I K A D A S))
("ALHAYAT" nil (A L A Y A T))
("BAILARINES" nil (B A I L A R I N E S))
("EQUIVOCAN" nil (E K I V O K A N))
("PERJUICIO" nil (P E R J U I S I O))
("CAMDEN" nil (K A M D E N))
("SOSTENIDA" nil (S O S T E N I D A))
("CELEBRADAS" nil (S E L E B R A D A S))
("VALENZUELA" nil (V A L E N S U E L A))
("HIDROLOGíA" nil (I D R O L O J I A))
("DURACIóN" nil (D U R A S I O N))
("INTERCONTINENTAL" nil (I N T E R K O N T I N E N T A L))
("PLURALISMO" nil (P L U R A L I S M O))
("ESTRICTO" nil (E S T R I K T O))
("DICTAMEN" nil (D I K T A M E N))
("ECHEVERRI" nil (E CH E V E RR I))
("MUCHAS" nil (M U CH A S))
("VENGAN" nil (V E N G A N))
("ASEGURE" nil (A S E G U R E))
("CARGAMENTO" nil (K A R G A M E N T O))
("DIáCONO" nil (D I A K O N O))
("IMAGINARIA" nil (I M A J I N A R I A))
("INTENTARá" nil (I N T E N T A R A))
("LYNN" nil (L I N N))
("LIGERAMENTE" nil (L I J E R A M E N T E))
("EXPOSICIóN" nil (E X P O S I S I O N))
("FATIGA" nil (F A T I G A))
("HYUNDAI" nil (Y U N D A I))
("SURCABAN" nil (S U R K A B A N))
("PARTICIPA" nil (P A R T I S I P A))
("EGOíSTAS" nil (E G O I S T A S))
("DESCONOZCO" nil (D E S K O N O S K O))
("TENSIONES" nil (T E N S I O N E S))
("INCLUSO" nil (I N K L U S O))
("EXPLICA" nil (E X P L I K A))
("HUYERON" nil (U Y E R O N))
("TUBO" nil (T U B O))
("AEROPERú" nil (A E R O P E R U))
("LEOBARDO" nil (L E O B A R D O))
("EUROATLáNTICA" nil (E U R O A T L A N T I K A))
("EVALúAN" nil (E V A L U A N))
("CARIBEñAS" nil (K A R I B E GN A S))
("CAUTIVERIO" nil (K A U T I V E R I O))
("HOUSTON" nil (O U S T O N))
("DA" nil (D A))
("ARANCELES" nil (A R A N S E L E S))
("AVIV" nil (A V I V))
("BáRCENA" nil (B A R S E N A))
("PIDO" nil (P I D O))
("DEJADA" nil (D E J A D A))
("SíMBOLO" nil (S I M B O L O))
("ACORTARON" nil (A K O R T A R O N))
("TELEFONíA" nil (T E L E F O N I A))
("IMPIDAN" nil (I M P I D A N))
("CONVERSACIONES" nil (K O N V E R S A S I O N E S))
("VEN" nil (V E N))
("PROMOVIDO" nil (P R O M O V I D O))
("VULNERA" nil (V U L N E R A))
("INFORMé" nil (I N F O R M E))
("MARTíN" nil (M A R T I N))
("EXSECRETARIO" nil (E X S E K R E T A R I O))
("LABORATORIOS" nil (L A B O R A T O R I O S))
("ENCONTRARLA" nil (E N K O N T R A R L A))
("CURSADO" nil (K U R S A D O))
("GUIDO" nil (G I D O))
("CREíMOS" nil (K R E I M O S))
("ALFREDO" nil (A L F R E D O))
("DESEA" nil (D E S E A))
("VIUDO" nil (V I U D O))
("TALLAS" nil (T A LL A S))
("VERBENA" nil (V E R B E N A))
("BA" nil (B A))
("MANEJANDO" nil (M A N E J A N D O))
("RESCATISTAS" nil (RR E S K A T I S T A S))
("VENIA" nil (V E N I A))
("MONITORES" nil (M O N I T O R E S))
("MERCANTILES" nil (M E R K A N T I L E S))
("GOLPEó" nil (G O L P E O))
("DANDO" nil (D A N D O))
("INGENUO" nil (I N J E N U O))
("ENFURECIDOS" nil (E N F U R E S I D O S))
("PALIZA" nil (P A L I S A))
("AUTOMOTRICES" nil (A U T O M O T R I S E S))
("DETERMINA" nil (D E T E R M I N A))
("LINARES" nil (L I N A R E S))
("CONTINúE" nil (K O N T I N U E))
("RESULTARAN" nil (RR E S U L T A R A N))
("MANEJó" nil (M A N E J O))
("COLAS" nil (K O L A S))
("EXTENDERá" nil (E X T E N D E R A))
("EMBOTELLADOS" nil (E M B O T E LL A D O S))
("VIRULENTOS" nil (V I R U L E N T O S))
("CELULITIS" nil (S E L U L I T I S))
("PILAS" nil (P I L A S))
("AMáN" nil (A M A N))
("DIFERIDO" nil (D I F E R I D O))
("DESPLAZANDO" nil (D E S P L A S A N D O))
("COINCIDIENDO" nil (K O I N S I D I E N D O))
("DESAFECTO" nil (D E S A F E K T O))
("ESCéPTICAS" nil (E S E P T I K A S))
("EVADEN" nil (E V A D E N))
("VENCE" nil (V E N S E))
("MERCANTIL" nil (M E R K A N T I L))
("AUTORES" nil (A U T O R E S))
("QUEJARON" nil (K E J A R O N))
("DIFICULTADES" nil (D I F I K U L T A D E S))
("OMáN" nil (O M A N))
("ENLUTA" nil (E N L U T A))
("QUIROGA" nil (K I R O G A))
("TENERLA" nil (T E N E R L A))
("GENERADOS" nil (J E N E R A D O S))
("HONESTAMENTE" nil (O N E S T A M E N T E))
("NESTOR" nil (N E S T O R))
("MIXTA" nil (M I X T A))
("POTENCIALES" nil (P O T E N S I A L E S))
("LOGRADAS" nil (L O G R A D A S))
("DESEABLE" nil (D E S E A B L E))
("MINO" nil (M I N O))
("CASTELLANOS" nil (K A S T E LL A N O S))
("VIENDO" nil (V I E N D O))
("DESVIADOS" nil (D E S V I A D O S))
("PROBLEMA" nil (P R O B L E M A))
("RIVALES" nil (RR I V A L E S))
("WARHOL" nil (U A R O L))
("CRECIERON" nil (K R E S I E R O N))
("BELICEñO" nil (B E L I S E GN O))
("INTERESADOS" nil (I N T E R E S A D O S))
("SUJETAR" nil (S U J E T A R))
("ASISTENTE" nil (A S I S T E N T E))
("ACREDITACIóN" nil (A K R E D I T A S I O N))
("RECUPERAR" nil (RR E K U P E R A R))
("LAURA" nil (L A U R A))
("SABE" nil (S A B E))
("MEDIOS" nil (M E D I O S))
("CAPACITADOS" nil (K A P A S I T A D O S))
("RAMADáN" nil (RR A M A D A N))
("DEFIENDA" nil (D E F I E N D A))
("ENCENDIDO" nil (E N S E N D I D O))
("OMITA" nil (O M I T A))
("COMEN" nil (K O M E N))
("COSTE" nil (K O S T E))
("CEREZO" nil (S E R E S O))
("REGIONES" nil (RR E J I O N E S))
("CONSECUTIVAS" nil (K O N S E K U T I V A S))
("AGOTADA" nil (A G O T A D A))
("YOUNG" nil (Y O U N G))
("EXIGIERON" nil (E X I J I E R O N))
("REPARAN" nil (RR E P A R A N))
("INFORMES" nil (I N F O R M E S))
("DESPLEGAR" nil (D E S P L E G A R))
("DESENVOLVER" nil (D E S E N V O L V E R))
("IMPUESTOS" nil (I M P U E S T O S))
("NEGROIDES" nil (N E G R O I D E S))
("RECAíDA" nil (RR E K A I D A))
("CIZAñA" nil (S I S A GN A))
("OFELIA" nil (O F E L I A))
("FEMENIL" nil (F E M E N I L))
("CONCURSO" nil (K O N K U R S O))
("CONSIDERADAS" nil (K O N S I D E R A D A S))
("HUíAN" nil (U I A N))
("LIBRARON" nil (L I B R A R O N))
("ME" nil (M E))
("FALLECIó" nil (F A LL E S I O))
("PERO" nil (P E R O))
("COMENTANDO" nil (K O M E N T A N D O))
("TRANSPLANTó" nil (T R A N S P L A N T O))
("VENCIMIENTOS" nil (V E N S I M I E N T O S))
("ESTACIONAMIENTOS" nil (E S T A S I O N A M I E N T O S))
("URBANOS" nil (U R B A N O S))
("PRIMERAMENTE" nil (P R I M E R A M E N T E))
("ARRIBE" nil (A RR I B E))
("EXIGIR" nil (E X I J I R))
("INSATISFECHAS" nil (I N S A T I S F E CH A S))
("PROYECTO" nil (P R O Y E K T O))
("FISCALIZACIóN" nil (F I S K A L I S A S I O N))
("SIGNIFICA" nil (S I G N I F I K A))
("ABORDO" nil (A B O R D O))
("PROHíBEN" nil (P R O I B E N))
("ESTABLE" nil (E S T A B L E))
("SIMPATíA" nil (S I M P A T I A))
("CONFRONTAR" nil (K O N F R O N T A R))
("MARSHALL" nil (M A R S A LL))
("DELTA" nil (D E L T A))
("RESPONDíAN" nil (RR E S P O N D I A N))
("SOFISTICADOS" nil (S O F I S T I K A D O S))
("HERIDOS" nil (E R I D O S))
("VIAJANDO" nil (V I A J A N D O))
("CONVERTIRSE" nil (K O N V E R T I R S E))
("REPATRIADOS" nil (RR E P A T R I A D O S))
("DEBIERON" nil (D E B I E R O N))
("ESTUDIó" nil (E S T U D I O))
("INHABILITADOS" nil (I N A B I L I T A D O S))
("HACEMOS" nil (A S E M O S))
("ASOCIE" nil (A S O S I E))
("QUITARíA" nil (K I T A R I A))
("PRISIONERO" nil (P R I S I O N E R O))
("MUEBLE" nil (M U E B L E))
("DESEOSOS" nil (D E S E O S O S))
("LUISIANA" nil (L U I S I A N A))
("USAR" nil (U S A R))
("MINGIN" nil (M I N J I N))
("ENSANCHADO" nil (E N S A N CH A D O))
("SER" nil (S E R))
("FREIRE" nil (F R E I R E))
("TRAMITE" nil (T R A M I T E))
("IMPRESIóN" nil (I M P R E S I O N))
("CINCUEME" nil (S I N K U E M E))
("USANDO" nil (U S A N D O))
("FRUTAS" nil (F R U T A S))
("PROPIAS" nil (P R O P I A S))
("MORIRíA" nil (M O R I R I A))
("CITAR" nil (S I T A R))
("AñADIDO" nil (A GN A D I D O))
("SOTO" nil (S O T O))
("PUEDES" nil (P U E D E S))
("CONCENTRó" nil (K O N S E N T R O))
("ENCAMINADO" nil (E N K A M I N A D O))
("LAICA" nil (L A I K A))
("VOTACIóN" nil (V O T A S I O N))
("PLENA" nil (P L E N A))
("ENGANCHó" nil (E N G A N CH O))
("CONSTITUCIONALES" nil (K O N S T I T U S I O N A L E S))
("LARIOS" nil (L A R I O S))
("DIJE" nil (D I J E))
("DIGO" nil (D I G O))
("LARGA" nil (L A R G A))
("VOS" nil (V O S))
("EMBAJADORES" nil (E M B A J A D O R E S))
("ROMERO" nil (RR O M E R O))
("ALIENA" nil (A L I E N A))
("DISEMINAR" nil (D I S E M I N A R))
("ABELARDO" nil (A B E L A R D O))
("CREADOR" nil (K R E A D O R))
("PACO" nil (P A K O))
("COSTARíA" nil (K O S T A R I A))
("SOCIOECONóMICAS" nil (S O S I O E K O N O M I K A S))
("INFONAVIT" nil (I N F O N A V I T))
("CIUDADES" nil (S I U D A D E S))
("ALPINOCAUCASOHIMALAYO" nil (A L P I N O K A U K A S O I M A L A Y O))
("FáBRICAS" nil (F A B R I K A S))
("OBJECIONES" nil (O B J E S I O N E S))
("DIRIJA" nil (D I R I J A))
("EXTREMADAMENTE" nil (E X T R E M A D A M E N T E))
("SEMBRAR" nil (S E M B R A R))
("PERIODíSTICO" nil (P E R I O D I S T I K O))
("TIAN" nil (T I A N))
("MILITANTES" nil (M I L I T A N T E S))
("RENEGOCIAR" nil (RR E N E G O S I A R))
("HICIERON" nil (I S I E R O N))
("ARREGLAR" nil (A RR E G L A R))
("SUENE" nil (S U E N E))
("DERROCAR" nil (D E RR O K A R))
("PONTíFICE" nil (P O N T I F I S E))
("SANTACLARA" nil (S A N T A K L A R A))
("HONESTOS" nil (O N E S T O S))
("EXTINTAS" nil (E X T I N T A S))
("EXPRESANDO" nil (E X P R E S A N D O))
("FORMARá" nil (F O R M A R A))
("HOMBRES" nil (O M B R E S))
("PRESENTAR" nil (P R E S E N T A R))
("JURISTA" nil (J U R I S T A))
("DISTINGO" nil (D I S T I N G O))
("PAGABA" nil (P A G A B A))
("PENSANDO" nil (P E N S A N D O))
("AUTORA" nil (A U T O R A))
("PRIMADO" nil (P R I M A D O))
("GANADA" nil (G A N A D A))
("PERPRETADOS" nil (P E R P R E T A D O S))
("PROCESALES" nil (P R O S E S A L E S))
("BRINDó" nil (B R I N D O))
("INSTITUTO" nil (I N S T I T U T O))
("ARRANCARSE" nil (A RR A N K A R S E))
("COMPLICACIONES" nil (K O M P L I K A S I O N E S))
("PARRA" nil (P A RR A))
("NOCHES" nil (N O CH E S))
("EDEMIO" nil (E D E M I O))
("CAMINATAS" nil (K A M I N A T A S))
("MANTENDRá" nil (M A N T E N D R A))
("ATENDERSE" nil (A T E N D E R S E))
("GALMAIRO" nil (G A L M A I R O))
("CAPTURARON" nil (K A P T U R A R O N))
("ERIGIR" nil (E R I J I R))
("MARGINADAS" nil (M A R J I N A D A S))
("AFIRMACIóN" nil (A F I R M A S I O N))
("LETRA" nil (L E T R A))
("DEFENSORA" nil (D E F E N S O R A))
("UNO" nil (U N O))
("OCUPADAS" nil (O K U P A D A S))
("RECOGE" nil (RR E K O J E))
("MILENARIAS" nil (M I L E N A R I A S))
("ORGANIZANDO" nil (O R G A N I S A N D O))
("INTERVIENEN" nil (I N T E R V I E N E N))
("HIELO" nil (I E L O))
("CERTUCHE" nil (S E R T U CH E))
("VERAS" nil (V E R A S))
("SAGUé" nil (S A G E))
("RECIBIDA" nil (RR E S I B I D A))
("TOLERAREMOS" nil (T O L E R A R E M O S))
("ARREMETIERON" nil (A RR E M E T I E R O N))
("VERIFICADORA" nil (V E R I F I K A D O R A))
("OCUPANTES" nil (O K U P A N T E S))
("GARDNER" nil (G A R D N E R))
("REFERENDO" nil (RR E F E R E N D O))
("SUCIA" nil (S U S I A))
("ENCRUCIJADA" nil (E N K R U S I J A D A))
("VLADIMIR" nil (V L A D I M I R))
("DISFRACES" nil (D I S F R A S E S))
("BUCARANATO" nil (B U K A R A N A T O))
("AYALA" nil (A Y A L A))
("CALGARY" nil (K A L G A R I))
("DESALOJARA" nil (D E S A L O J A R A))
("ALEMANES" nil (A L E M A N E S))
("COCOPA" nil (K O K O P A))
("CRIMINóLOGOS" nil (K R I M I N O L O G O S))
("SUMARá" nil (S U M A R A))
("URBANA" nil (U R B A N A))
("PASARíN" nil (P A S A R I N))
("COMPLICIDAD" nil (K O M P L I S I D A D))
("INFINITO" nil (I N F I N I T O))
("VACACIONES" nil (V A K A S I O N E S))
("PADRE" nil (P A D R E))
("GRáFICAS" nil (G R A F I K A S))
("VIOLA" nil (V I O L A))
("ENFURECIDO" nil (E N F U R E S I D O))
("MANIFESTARLE" nil (M A N I F E S T A R L E))
("SIGIó" nil (S I J I O))
("AUTOCRíTICA" nil (A U T O K R I T I K A))
("SUAVICE" nil (S U A V I S E))
("GóTICA" nil (G O T I K A))
("NOTICIOSO" nil (N O T I S I O S O))
("JUDíA" nil (J U D I A))
("FUERAN" nil (F U E R A N))
("APEGADOS" nil (A P E G A D O S))
("DIFERENCIAS" nil (D I F E R E N S I A S))
("AYUDAR" nil (A Y U D A R))
("CARDíACOS" nil (K A R D I A K O S))
("CAMERUNéS" nil (K A M E R U N E S))
("MAYORITARIOS" nil (M A Y O R I T A R I O S))
("EXPROPIADAS" nil (E X P R O P I A D A S))
("GRABACIóN" nil (G R A B A S I O N))
("HUMBERTO" nil (U M B E R T O))
("DUDAYEV" nil (D U D A Y E V))
("DERIVADO" nil (D E R I V A D O))
("CUESTIONA" nil (K U E S T I O N A))
("ADóNDE" nil (A D O N D E))
("PUBLICADOS" nil (P U B L I K A D O S))
("ATENDíAN" nil (A T E N D I A N))
("VARIADO" nil (V A R I A D O))
("CONFINARLA" nil (K O N F I N A R L A))
("ROJAS" nil (RR O J A S))
("CONOCIMIENTO" nil (K O N O S I M I E N T O))
("DESPERTó" nil (D E S P E R T O))
("LLEVANDO" nil (LL E V A N D O))
("EJEMPLOS" nil (E J E M P L O S))
("REVUELTAS" nil (RR E V U E L T A S))
("PRESUROSOS" nil (P R E S U R O S O S))
("ACOMPAñADOS" nil (A K O M P A GN A D O S))
("INDICADORES" nil (I N D I K A D O R E S))
("ESA" nil (E S A))
("PUBLICADAS" nil (P U B L I K A D A S))
("VINCULANDO" nil (V I N K U L A N D O))
("RáFAGAS" nil (RR A F A G A S))
("GANA" nil (G A N A))
("REDUZCAN" nil (RR E D U S K A N))
("DESINFORMACIóN" nil (D E S I N F O R M A S I O N))
("NASDAQ" nil (N A S D A))
("SINTONIZA" nil (S I N T O N I S A))
("DEMOCRATIZACIóN" nil (D E M O K R A T I S A S I O N))
("RAKHIM" nil (RR A K I M))
("ENMIENDA" nil (E N M I E N D A))
("NABULUS" nil (N A B U L U S))
("ACCESIBLES" nil (A K S E S I B L E S))
("ZELANDA" nil (S E L A N D A))
("FíLMICA" nil (F I L M I K A))
("INCORPORADA" nil (I N K O R P O R A D A))
("CUESTIONADO" nil (K U E S T I O N A D O))
("ENORME" nil (E N O R M E))
("AUTOMóVIL" nil (A U T O M O V I L))
("CORTA" nil (K O R T A))
("FABRICADO" nil (F A B R I K A D O))
("UTILIZARLOS" nil (U T I L I S A R L O S))
("HUMEDAD" nil (U M E D A D))
("GINEBRA" nil (J I N E B R A))
("POLIOMELITIS" nil (P O L I O M E L I T I S))
("INTERCAMBIO" nil (I N T E R K A M B I O))
("SUMIDOS" nil (S U M I D O S))
("FIGURABA" nil (F I G U R A B A))
("PERSISTE" nil (P E R S I S T E))
("ANUALES" nil (A N U A L E S))
("REVISEN" nil (RR E V I S E N))
("EXILIADOS" nil (E X I L I A D O S))
("ACTUAR" nil (A K T U A R))
("EXTRAñOS" nil (E X T R A GN O S))
("RONINGTON" nil (RR O N I N G T O N))
("MONITOREO" nil (M O N I T O R E O))
("QUINTANILLA" nil (K I N T A N I LL A))
("CUáNTO" nil (K U A N T O))
("J" nil (J))
("QUEMAS" nil (K E M A S))
("APRENDIó" nil (A P R E N D I O))
("REANUDó" nil (RR E A N U D O))
("MOSTRAR" nil (M O S T R A R))
("KORSAKOV" nil (K O R S A K O V))
("APODERADO" nil (A P O D E R A D O))
("SUBSISTIR" nil (S U B S I S T I R))
("CAPITAL" nil (K A P I T A L))
("CERILLOS" nil (S E R I LL O S))
("INCLUíA" nil (I N K L U I A))
("RESERVó" nil (RR E S E R V O))
("ELSA" nil (E L S A))
("OFENSIVAMENTE" nil (O F E N S I V A M E N T E))
("HISPANOAMERICANA" nil (I S P A N O A M E R I K A N A))
("PATRóN" nil (P A T R O N))
("JAUJA" nil (J A U J A))
("JUSTA" nil (J U S T A))
("DEPORTE" nil (D E P O R T E))
("GIGANTESCO" nil (J I G A N T E S K O))
("CONTADOS" nil (K O N T A D O S))
("CRUZARáN" nil (K R U S A R A N))
("COBRARLE" nil (K O B R A R L E))
("MEDALLAS" nil (M E D A LL A S))
("INFRARROJOS" nil (I N F R A RR O J O S))
("PRESIONA" nil (P R E S I O N A))
("ABRIó" nil (A B R I O))
("VóMITO" nil (V O M I T O))
("TIENDE" nil (T I E N D E))
("DESESTABILICE" nil (D E S E S T A B I L I S E))
("ESPIRITUAL" nil (E S P I R I T U A L))
("PERMITIó" nil (P E R M I T I O))
("VáLIDOS" nil (V A L I D O S))
("VISTA" nil (V I S T A))
("DESTINARíAN" nil (D E S T I N A R I A N))
("BOMBA" nil (B O M B A))
("HABíAMOS" nil (A B I A M O S))
("QUEDARáN" nil (K E D A R A N))
("SUBRAYADO" nil (S U B R A Y A D O))
("DESEMBOCARAN" nil (D E S E M B O K A R A N))
("ANTAR" nil (A N T A R))
("BARRY" nil (B A RR I))
("ESTRADO" nil (E S T R A D O))
("SANGRIENTO" nil (S A N G R I E N T O))
("EXTRADITARON" nil (E X T R A D I T A R O N))
("RENUENTE" nil (RR E N U E N T E))
("PAKISTANí" nil (P A K I S T A N I))
("HALEY" nil (A L E I))
("PROVIEN" nil (P R O V I E N))
("OBSTACULIZAR" nil (O B S T A K U L I S A R))
("PLASMADO" nil (P L A S M A D O))
("DOMINó" nil (D O M I N O))
("CONTROVERTIDA" nil (K O N T R O V E R T I D A))
("ENNIS" nil (E N N I S))
("ADQUIRIDO" nil (A D K I R I D O))
("RABBANI" nil (RR A B B A N I))
("AERONAVE" nil (A E R O N A V E))
("ALTA" nil (A L T A))
("HERMéTICA" nil (E R M E T I K A))
("EXPECTATIVAS" nil (E X P E K T A T I V A S))
("ARTERIAL" nil (A R T E R I A L))
("CHARLTON" nil (CH A R L T O N))
("PRETENDEN" nil (P R E T E N D E N))
("DIMENSIONES" nil (D I M E N S I O N E S))
("PLáTICA" nil (P L A T I K A))
("PERECEDEROS" nil (P E R E S E D E R O S))
("ENERGíA" nil (E N E R J I A))
("NIñAS" nil (N I GN A S))
("MINORITARIOS" nil (M I N O R I T A R I O S))
("CONFUNDIó" nil (K O N F U N D I O))
("PRESENTAREMOS" nil (P R E S E N T A R E M O S))
("IMPARCIALIDAD" nil (I M P A R S I A L I D A D))
("BOSTON" nil (B O S T O N))
("POLAY" nil (P O L A I))
("PASARON" nil (P A S A R O N))
("REPUDIADO" nil (RR E P U D I A D O))
("ALEMBI" nil (A L E M B I))
("BASTIóN" nil (B A S T I O N))
("ENAMORADA" nil (E N A M O R A D A))
("PARALIZANDO" nil (P A R A L I S A N D O))
("FIBROSIS" nil (F I B R O S I S))
("QUIERO" nil (K I E R O))
("ESTADíSTICOS" nil (E S T A D I S T I K O S))
("FAVORABLES" nil (F A V O R A B L E S))
("ABRAN" nil (A B R A N))
("ACUSARSE" nil (A K U S A R S E))
("QUEMA" nil (K E M A))
("OCULTADO" nil (O K U L T A D O))
("POSESIóN" nil (P O S E S I O N))
("DENOMINADAS" nil (D E N O M I N A D A S))
("APRENDA" nil (A P R E N D A))
("PRESENTADOS" nil (P R E S E N T A D O S))
("VERSíCULOS" nil (V E R S I K U L O S))
("CALLETANA" nil (K A LL E T A N A))
("PRESIDE" nil (P R E S I D E))
("PROSIGA" nil (P R O S I G A))
("ESTUDIADOS" nil (E S T U D I A D O S))
("INCANSABLEMENTE" nil (I N K A N S A B L E M E N T E))
("MENCIóN" nil (M E N S I O N))
("FUNCIONADO" nil (F U N S I O N A D O))
("LUCHó" nil (L U CH O))
("AUTOPROCLAMADO" nil (A U T O P R O K L A M A D O))
("ELEVADOS" nil (E L E V A D O S))
("PROMETíAN" nil (P R O M E T I A N))
("CONSTITUCIóN" nil (K O N S T I T U S I O N))
("MENCIONO" nil (M E N S I O N O))
("COMPARABLES" nil (K O M P A R A B L E S))
("ANTEPASADA" nil (A N T E P A S A D A))
("NOTIFICAR" nil (N O T I F I K A R))
("DISMINUYEN" nil (D I S M I N U Y E N))
("GIRARá" nil (J I R A R A))
("ELéCTRICOS" nil (E L E K T R I K O S))
("INDíGENA" nil (I N D I J E N A))
("INDIGNACIóN" nil (I N D I G N A S I O N))
("LEACH" nil (L E A CH))
("PERECEDERA" nil (P E R E S E D E R A))
("VALERNOS" nil (V A L E R N O S))
("REVISABAN" nil (RR E V I S A B A N))
("REELECTOS" nil (RR E E L E K T O S))
("RIGIENDO" nil (RR I J I E N D O))
("MAYORES" nil (M A Y O R E S))
("ACOSTUMBRABA" nil (A K O S T U M B R A B A))
("LIBRó" nil (L I B R O))
("PROMETIDO" nil (P R O M E T I D O))
("TéMPANO" nil (T E M P A N O))
("REALIDADES" nil (RR E A L I D A D E S))
("SUBACUáTICO" nil (S U B A K U A T I K O))
("CAROLINA" nil (K A R O L I N A))
("OBISPO" nil (O B I S P O))
("CINEASTAS" nil (S I N E A S T A S))
("CAMPESINA" nil (K A M P E S I N A))
("LLAMADAS" nil (LL A M A D A S))
("ENVíE" nil (E N V I E))
("FUNDACIóN" nil (F U N D A S I O N))
("VíCTIMA" nil (V I K T I M A))
("INMEDIATAS" nil (I N M E D I A T A S))
("COMBINADO" nil (K O M B I N A D O))
("REPARTIR" nil (RR E P A R T I R))
("AUMENTABAN" nil (A U M E N T A B A N))
("MIN" nil (M I N))
("ESGRIMIR" nil (E S G R I M I R))
("ANUNCIARSE" nil (A N U N S I A R S E))
("ANULA" nil (A N U L A))
("NOTIFICADO" nil (N O T I F I K A D O))
("HOSPITALARIO" nil (O S P I T A L A R I O))
("DIFUNDIRSE" nil (D I F U N D I R S E))
("DECANOS" nil (D E K A N O S))
("CONVERSARá" nil (K O N V E R S A R A))
("PREOCUPAR" nil (P R E O K U P A R))
("CAJETILLA" nil (K A J E T I LL A))
("INTERPONDRá" nil (I N T E R P O N D R A))
("AFRICANAS" nil (A F R I K A N A S))
("LIGA" nil (L I G A))
("DEFECTO" nil (D E F E K T O))
("RESTRINGIR" nil (RR E S T R I N J I R))
("DERECHA" nil (D E R E CH A))
("SINTONIZARNOS" nil (S I N T O N I S A R N O S))
("SUNOBI" nil (S U N O B I))
("AMIGAS" nil (A M I G A S))
("CAPTADA" nil (K A P T A D A))
("ROTO" nil (RR O T O))
("DESPACHO" nil (D E S P A CH O))
("JOYAS" nil (J O Y A S))
("DIRíAMOS" nil (D I R I A M O S))
("COMPLETAMENTE" nil (K O M P L E T A M E N T E))
("PONGAN" nil (P O N G A N))
("PAGO" nil (P A G O))
("CERTIFICó" nil (S E R T I F I K O))
("SUSTANTIVA" nil (S U S T A N T I V A))
("TRASLADANDO" nil (T R A S L A D A N D O))
("DOCIENTOS" nil (D O S I E N T O S))
("CEDEREMOS" nil (S E D E R E M O S))
("EMISORES" nil (E M I S O R E S))
("CANTANTE" nil (K A N T A N T E))
("REABRIó" nil (RR E A B R I O))
("EMBLEMA" nil (E M B L E M A))
("LIGERO" nil (L I J E R O))
("EXAMINAN" nil (E X A M I N A N))
("GASOLINA" nil (G A S O L I N A))
("DESTACADO" nil (D E S T A K A D O))
("PEREGRINOS" nil (P E R E G R I N O S))
("CAMBIáRSELA" nil (K A M B I A R S E L A))
("INUSUAL" nil (I N U S U A L))
("CAER" nil (K A E R))
("DETECTIVE" nil (D E T E K T I V E))
("TEN" nil (T E N))
("AVISó" nil (A V I S O))
("ESPERANDO" nil (E S P E R A N D O))
("CORRUPTOS" nil (K O RR U P T O S))
("CANTA" nil (K A N T A))
("CREDO" nil (K R E D O))
("ESCAPE" nil (E S K A P E))
("REINALDO" nil (RR E I N A L D O))
("DIRECTORAS" nil (D I R E K T O R A S))
("PARTICULARMENTE" nil (P A R T I K U L A R M E N T E))
("DEJARáN" nil (D E J A R A N))
("WARD" nil (U A R D))
("DESPERADO" nil (D E S P E R A D O))
("REUMATOIDE" nil (RR E U M A T O I D E))
("OCUPAN" nil (O K U P A N))
("ASFIXIARLOS" nil (A S F I X I A R L O S))
("MIRANDA" nil (M I R A N D A))
("GRúAS" nil (G R U A S))
("RADOVAN" nil (RR A D O V A N))
("MOVILIZADOS" nil (M O V I L I S A D O S))
("JUDíAS" nil (J U D I A S))
("COMETAN" nil (K O M E T A N))
("SECUESTRADO" nil (S E K U E S T R A D O))
("DEFINIDO" nil (D E F I N I D O))
("A" nil (A))
("E" nil (E))
("I" nil (I))
("O" nil (O))
("U" nil (U))
("VESTIRNOS" nil (V E S T I R N O S))
("BUMS" nil (B U M S))
("NADIE" nil (N A D I E))
("AHERN" nil (A E R N))
("ASIáTICOS" nil (A S I A T I K O S))
("A" nil (A))
("E" nil (E))
("I" nil (I))
("O" nil (O))
("U" nil (U))
("VESTIRNOS" nil (V E S T I R N O S))
("BUMS" nil (B U M S))
("NADIE" nil (N A D I E))
("AHERN" nil (A E R N))
("ASIáTICOS" nil (A S I A T I K O S))
("A" nil (A))
("E" nil (E))
("I" nil (I))
("O" nil (O))
("U" nil (U))
("A" nil (A))
("E" nil (E))
("I" nil (I))
("O" nil (O))
("U" nil (U))
("A" nil (A))
("E" nil (E))
("I" nil (I))
("O" nil (O))
("U" nil (U))
("AE" nil (A E))
("AI" nil (A I))
("AO" nil (A O))
("AU" nil (A U))
("AA" nil (A A))
("A" nil (A))
("A" nil (A#))
("A" nil (A A))
("a" nil (A))
("a" nil (A))
("e" nil (E))
("i" nil (I))
("o" nil (O))
("u" nil (U))
("ae" nil (A E))
("ai" nil (A I))
("ao" nil (A O))
("au" nil (A U))
("aa" nil (A A))
("padrón" nil (P A D R O N))
("citan" nil (S I T A N))
("suspendiendo" nil (S U S P E N D I E N D O))
("destrozados" nil (D E S T R O S A D O S))
("social" nil (S O S I A L))
("oropeza" nil (O R O P E S A))
("ordaz" nil (O R D A S))
("dirá" nil (D I R A))
("cueva" nil (K U E V A))
("artífices" nil (A R T I F I S E S))
("continental" nil (K O N T I N E N T A L))
("golden" nil (G O L D E N))
("impaciente" nil (I M P A S I E N T E))
("ozono" nil (O S O N O))
("nestor" nil (N E S T O R))
("malayo" nil (M A L A Y O))
("confinado" nil (K O N F I N A D O))
("injusticia" nil (I N J U S T I S I A))
("sumerga" nil (S U M E R G A))
("amputado" nil (A M P U T A D O))
("desmantelar" nil (D E S M A N T E L A R))
("volvieron" nil (V O L V I E R O N))
("ratificara" nil (RR A T I F I K A R A))
("sobrecogedora" nil (S O B R E K O J E D O R A))
("arco" nil (A R K O))
("terremotos" nil (T E RR E M O T O S))
("sangrientos" nil (S A N G R I E N T O S))
("congoleña" nil (K O N G O L E GN A))
("platicado" nil (P L A T I K A D O))
("ejerzan" nil (E J E R S A N))
("finch" nil (F I N CH))
("valar" nil (V A L A R))
("definitivamente" nil (D E F I N I T I V A M E N T E))
("theresa" nil (T E R E S A))
("intensivos" nil (I N T E N S I V O S))
("citando" nil (S I T A N D O))
("solucionó" nil (S O L U S I O N O))
("demandantes" nil (D E M A N D A N T E S))
("gigantesco" nil (J I G A N T E S K O))
("par" nil (P A R))
("taquillera" nil (T A K I LL E R A))
("embajadores" nil (E M B A J A D O R E S))
("inician" nil (I N I S I A N))
("granic" nil (G R A N I K))
("derrumbó" nil (D E RR U M B O))
("alegres" nil (A L E G R E S))
("gramo" nil (G R A M O))
("humanitaria" nil (U M A N I T A R I A))
("rebotó" nil (RR E B O T O))
("placer" nil (P L A S E R))
("despejes" nil (D E S P E J E S))
("recuerden" nil (RR E K U E R D E N))
("mítines" nil (M I T I N E S))
("alhayat" nil (A L A Y A T))
("toluca" nil (T O L U K A))
("córdoba" nil (K O R D O B A))
("infiltrado" nil (I N F I L T R A D O))
("encabezaron" nil (E N K A B E S A R O N))
("injurias" nil (I N J U R I A S))
("viajó" nil (V I A J O))
("albita" nil (A L B I T A))
("habitamos" nil (A B I T A M O S))
("compañeros" nil (K O M P A GN E R O S))
("almirante" nil (A L M I R A N T E))
("combinado" nil (K O M B I N A D O))
("petersburgo" nil (P E T E R S B U R G O))
("abandonada" nil (A B A N D O N A D A))
("destierro" nil (D E S T I E RR O))
("favor" nil (F A V O R))
("remolino" nil (RR E M O L I N O))
("nominal" nil (N O M I N A L))
("seko" nil (S E K O))
("colchonetas" nil (K O L CH O N E T A S))
("arriesgan" nil (A RR I E S G A N))
("señalan" nil (S E GN A L A N))
("estatales" nil (E S T A T A L E S))
("próspera" nil (P R O S P E R A))
("península" nil (P E N I N S U L A))
("lance" nil (L A N S E))
("peñón" nil (P E GN O N))
("decirnos" nil (D E S I R N O S))
("llevándolos" nil (LL E V A N D O L O S))
("meditar" nil (M E D I T A R))
("avión" nil (A V I O N))
("habilitar" nil (A B I L I T A R))
("gerardo" nil (J E R A R D O))
("crucifijo" nil (K R U S I F I J O))
("ocurría" nil (O K U RR I A))
("keanu" nil (K E A N U))
("abolir" nil (A B O L I R))
("sepultura" nil (S E P U L T U R A))
("presentar" nil (P R E S E N T A R))
("alberga" nil (A L B E R G A))
("conseguirá" nil (K O N S E G I R A))
("deseche" nil (D E S E CH E))
("difícil" nil (D I F I S I L))
("admitidas" nil (A D M I T I D A S))
("provinicial" nil (P R O V I N I S I A L))
("armilla" nil (A R M I LL A))
("doblemente" nil (D O B L E M E N T E))
("vinculan" nil (V I N K U L A N))
("ratificados" nil (RR A T I F I K A D O S))
("disidencia" nil (D I S I D E N S I A))
("comunicarse" nil (K O M U N I K A R S E))
("estrechas" nil (E S T R E CH A S))
("deportable" nil (D E P O R T A B L E))
("deseable" nil (D E S E A B L E))
("negándoles" nil (N E G A N D O L E S))
("stocic" nil (S T O S I K))
("muscat" nil (M U S K A T))
("alcoholismo" nil (A L K O O L I S M O))
("enmendaran" nil (E N M E N D A R A N))
("previsibles" nil (P R E V I S I B L E S))
("manifestar" nil (M A N I F E S T A R))
("bájala" nil (B A J A L A))
("proponía" nil (P R O P O N I A))
("enviaría" nil (E N V I A R I A))
("metido" nil (M E T I D O))
("marchar" nil (M A R CH A R))
("satánicos" nil (S A T A N I K O S))
("explorar" nil (E X P L O R A R))
("cerremos" nil (S E R R E M O S))
("alan" nil (A L A N))
("callados" nil (K A LL A D O S))
("sudamericanos" nil (S U D A M E R I K A N O S))
("rendimiento" nil (RR E N D I M I E N T O))
("finanza" nil (F I N A N S A))
("maquinitas" nil (M A K I N I T A S))
("proyecciones" nil (P R O Y E K S I O N E S))
("pasadas" nil (P A S A D A S))
("rublos" nil (RR U B L O S))
("combatieron" nil (K O M B A T I E R O N))
("diabla" nil (D I A B L A))
("adecuado" nil (A D E K U A D O))
("palestino" nil (P A L E S T I N O))
("directas" nil (D I R E K T A S))
("píldora" nil (P I L D O R A))
("demirel" nil (D E M I R E L))
("tractor" nil (T R A K T O R))
("examinan" nil (E X A M I N A N))
("árabe" nil (A R A B E))
("purgar" nil (P U R G A R))
("informaremos" nil (I N F O R M A R E M O S))
("transferido" nil (T R A N S F E R I D O))
("neza" nil (N E S A))
("niño" nil (N I GN O))
("perdedores" nil (P E R D E D O R E S))
("pan" nil (P A N))
("flotadores" nil (F L O T A D O R E S))
("perjudicados" nil (P E R J U D I K A D O S))
("twister" nil (T U I S T E R))
("pyungyang" nil (P Y U N G Y A N G))
("ubicadas" nil (U B I K A D A S))
("saludos" nil (S A L U D O S))
("inmunización" nil (I N M U N I S A S I O N))
("violan" nil (V I O L A N))
("brazzaville" nil (B R A T S A V I LL E))
("cantaba" nil (K A N T A B A))
("ordenar" nil (O R D E N A R))
("karadzic" nil (K A R A D S I K))
("creció" nil (K R E S I O))
("secciones" nil (S E K S I O N E S))
("financiará" nil (F I N A N S I A R A))
("eslovania" nil (E S L O V A N I A))
("arrancarse" nil (A RR A N K A R S E))
("calculaba" nil (K A L K U L A B A))
("suiza" nil (S U I S A))
("hirió" nil (I R I O))
("estaremos" nil (E S T A R E M O S))
("representó" nil (RR E P R E S E N T O))
("pagamos" nil (P A G A M O S))
("insuficientes" nil (I N S U F I S I E N T E S))
("sevillano" nil (S E V I LL A N O))
("implican" nil (I M P L I K A N))
("restablezca" nil (RR E S T A B L E S K A))
("arruinado" nil (A RR U I N A D O))
("preocupadas" nil (P R E O K U P A D A S))
("amparados" nil (A M P A R A D O S))
("voltear" nil (V O L T E A R))
("siguientes" nil (S I G I E N T E S))
("limbo" nil (L I M B O))
("atacar" nil (A T A K A R))
("rudeza" nil (RR U D E S A))
("formularla" nil (F O R M U L A R L A))
("madera" nil (M A D E R A))
("cuenten" nil (K U E N T E N))
("convierten" nil (K O N V I E R T E N))
("angelino" nil (A N J E L I N O))
("etorofu" nil (E T O R O F U))
("devastada" nil (D E V A S T A D A))
("viajar" nil (V I A J A R))
("craneoencefálicas" nil (K R A N E O E N S E F A L I K A S))
("becas" nil (B E K A S))
("ganado" nil (G A N A D O))
("cuerdas" nil (K U E R D A S))
("boya" nil (B O Y A))
("distribuía" nil (D I S T R I B U I A))
("acompañaron" nil (A K O M P A GN A R O N))
("sanciones" nil (S A N S I O N E S))
("aportan" nil (A P O R T A N))
("utilizarlos" nil (U T I L I S A R L O S))
("cacería" nil (K A S E R I A))
("escribieran" nil (E S K R I B I E R A N))
("bioética" nil (B I O E T I K A))
("leticia" nil (L E T I S I A))
("contingencia" nil (K O N T I N J E N S I A))
("bloqueos" nil (B L O K E O S))
("hallan" nil (A LL A N))
("destrozados" nil (D E S T R O S A D O S))
("sonriente" nil (S O N RR I E N T E))
("partículas" nil (P A R T I K U L A S))
("rosny" nil (RR O S N I))
("espectáculos" nil (E S P E K T A K U L O S))
("socioeconómicos" nil (S O S I O E K O N O M I K O S))
("participar" nil (P A R T I S I P A R))
("sunobi" nil (S U N O B I))
("matado" nil (M A T A D O))
("diversas" nil (D I V E R S A S))
("perdió" nil (P E R D I O))
("bateadores" nil (B A T E A D O R E S))
("vincula" nil (V I N K U L A))
("panameño" nil (P A N A M E GN O))
("tus" nil (T U S))
("matriz" nil (M A T R I S))
("dejación" nil (D E J A S I O N))
("verificaría" nil (V E R I F I K A R I A))
("cruel" nil (K R U E L))
("violar" nil (V I O L A R))
("relojes" nil (RR E L O J E S))
("capta" nil (K A P T A))
("afirmó" nil (A F I R M O))
("procediendo" nil (P R O S E D I E N D O))
("encontrarme" nil (E N K O N T R A R M E))
("ceda" nil (S E D A))
("cortados" nil (K O R T A D O S))
("urbanas" nil (U R B A N A S))
("prácticos" nil (P R A K T I K O S))
("desestimó" nil (D E S E S T I M O))
("desnudos" nil (D E S N U D O S))
("decapitada" nil (D E K A P I T A D A))
("aludida" nil (A L U D I D A))
("cansados" nil (K A N S A D O S))
("manalao" nil (M A N A L A O))
("perjudicado" nil (P E R J U D I K A D O))
("quite" nil (K I T E))
("asociaciones" nil (A S O S I A S I O N E S))
("arrestos" nil (A RR E S T O S))
("vivieron" nil (V I V I E R O N))
("ratificaron" nil (RR A T I F I K A R O N))
("comerciales" nil (K O M E R S I A L E S))
("balbosa" nil (B A L B O S A))
("deterioro" nil (D E T E R I O R O))
("bhutto" nil (B U T T O))
("tipo" nil (T I P O))
("habló" nil (A B L O))
("organización" nil (O R G A N I S A S I O N))
("resultaran" nil (RR E S U L T A R A N))
("ecus" nil (E K U S))
("inocencia" nil (I N O S E N S I A))
("culiacán" nil (K U L I A K A N))
("salían" nil (S A L I A N))
("policíacos" nil (P O L I S I A K O S))
("originarias" nil (O R I J I N A R I A S))
("lanzarme" nil (L A N S A R M E))
("filas" nil (F I L A S))
("sanders" nil (S A N D E R S))
("redonda" nil (RR E D O N D A))
("alcanzarse" nil (A L K A N S A R S E))
("acallar" nil (A K A LL A R))
("cautiva" nil (K A U T I V A))
("creciendo" nil (K R E S I E N D O))
("abandonados" nil (A B A N D O N A D O S))
("criolla" nil (K R I O LL A))
("contribuyente" nil (K O N T R I B U Y E N T E))
("confirmar" nil (K O N F I R M A R))
("externó" nil (E X T E R N O))
("redes" nil (RR E D E S))
("medina" nil (M E D I N A))
("piratería" nil (P I R A T E R I A))
("pidió" nil (P I D I O))
("necesidad" nil (N E S E S I D A D))
("legalice" nil (L E G A L I S E))
("lanzando" nil (L A N S A N D O))
("religión" nil (RR E L I J I O N))
("comunes" nil (K O M U N E S))
("infundadas" nil (I N F U N D A D A S))
("setién" nil (S E T I E N))
("depositó" nil (D E P O S I T O))
("viaja" nil (V I A J A))
("flor" nil (F L O R))
("antibalas" nil (A N T I B A L A S))
("requieren" nil (RR E K I E R E N))
("perrone" nil (P E RR O N E))
("escapó" nil (E S K A P O))
("forrada" nil (F O RR A D A))
("calles" nil (K A LL E S))
("adiós" nil (A D I O S))
("sólidas" nil (S O L I D A S))
("view" nil (V I E U))
("evacuado" nil (E V A K U A D O))
("calmar" nil (K A L M A R))
("comunicarnos" nil (K O M U N I K A R N O S))
("leía" nil (L E I A))
("solamente" nil (S O L A M E N T E))
("riendas" nil (RR I E N D A S))
("hornear" nil (O R N E A R))
("despidos" nil (D E S P I D O S))
("firmado" nil (F I R M A D O))
("obligatorios" nil (O B L I G A T O R I O S))
("traspasa" nil (T R A S P A S A))
("armoniosas" nil (A R M O N I O S A S))
("espacios" nil (E S P A S I O S))
("farmacia" nil (F A R M A S I A))
("proble" nil (P R O B L E))
("jacobs" nil (J A K O B S))
("falleció" nil (F A LL E S I O))
("debut" nil (D E B U T))
("azotados" nil (A S O T A D O S))
("ortega" nil (O R T E G A))
("sindicalistas" nil (S I N D I K A L I S T A S))
("susana" nil (S U S A N A))
("recordando" nil (RR E K O R D A N D O))
("maniobras" nil (M A N I O B R A S))
("agosto" nil (A G O S T O))
("consúltelo" nil (K O N S U L T E L O))
("establecimientos" nil (E S T A B L E S I M I E N T O S))
("extrajudiciales" nil (E X T R A J U D I S I A L E S))
("optimismo" nil (O P T I M I S M O))
("oficinistas" nil (O F I S I N I S T A S))
("repentino" nil (RR E P E N T I N O))
("fidelito" nil (F I D E L I T O))
("brindada" nil (B R I N D A D A))
("humanista" nil (U M A N I S T A))
("asesinato" nil (A S E S I N A T O))
("desconectados" nil (D E S K O N E K T A D O S))
("antonieta" nil (A N T O N I E T A))
("suficientes" nil (S U F I S I E N T E S))
("negligencias" nil (N E G L I J E N S I A S))
("malversación" nil (M A L V E R S A S I O N))
("hidratado" nil (I D R A T A D O))
("preocupados" nil (P R E O K U P A D O S))
("impuesta" nil (I M P U E S T A))
("milán" nil (M I L A N))
("peregrinos" nil (P E R E G R I N O S))
("impida" nil (I M P I D A))
("ameno" nil (A M E N O))
("descansan" nil (D E S K A N S A N))
("culinaria" nil (K U L I N A R I A))
("represivo" nil (RR E P R E S I V O))
("padeciendo" nil (P A D E S I E N D O))
("previno" nil (P R E V I N O))
("eminentemente" nil (E M I N E N T E M E N T E))
("presuntas" nil (P R E S U N T A S))
("rivalidad" nil (RR I V A L I D A D))
("favorecer" nil (F A V O R E S E R))
("santos" nil (S A N T O S))
("llenar" nil (LL E N A R))
("mareo" nil (M A R E O))
("ai" nil (A I))
("íntimamente" nil (I N T I M A M E N T E))
("pánico" nil (P A N I K O))
("atraer" nil (A T R A E R))
("apasionante" nil (A P A S I O N A N T E))
("estereotipe" nil (E S T E R E O T I P E))
("sara" nil (S A R A))
("definen" nil (D E F I N E N))
("magdalena" nil (M A G D A L E N A))
("páginas" nil (P A J I N A S))
("vetar" nil (V E T A R))
("decilitro" nil (D E S I L I T R O))
("amplíe" nil (A M P L I E))
("sin" nil (S I N))
("gaste" nil (G A S T E))
("había" nil (A B I A))
("empezará" nil (E M P E S A R A))
("setín" nil (S E T I N))
("carácter" nil (K A R A K T E R))
("mejdani" nil (M E J D A N I))
("mostraremos" nil (M O S T R A R E M O S))
("determinada" nil (D E T E R M I N A D A))
("lograr" nil (L O G R A R))
("justificaría" nil (J U S T I F I K A R I A))
("revisables" nil (RR E V I S A B L E S))
("wall" nil (U A LL))
("mafias" nil (M A F I A S))
("ayala" nil (A Y A L A))
("emblema" nil (E M B L E M A))
("tratativas" nil (T R A T A T I V A S))
("reflectores" nil (RR E F L E K T O R E S))
("causar" nil (K A U S A R))
("librada" nil (L I B R A D A))
("rabani" nil (RR A B A N I))
("cause" nil (K A U S E))
("entonaron" nil (E N T O N A R O N))
("migraciones" nil (M I G R A S I O N E S))
("terminara" nil (T E R M I N A R A))
("asumirá" nil (A S U M I R A))
("disfrutamos" nil (D I S F R U T A M O S))
("whitaker" nil (U I T A K E R))
("demostrando" nil (D E M O S T R A N D O))
("nuevas" nil (N U E V A S))
("reabastecer" nil (RR E A B A S T E S E R))
("tenemos" nil (T E N E M O S))
("naciente" nil (N A S I E N T E))
("abstendrán" nil (A B S T E N D R A N))
("karachi" nil (K A R A CH I))
("candidaturas" nil (K A N D I D A T U R A S))
("asalto" nil (A S A L T O))
("prisiones" nil (P R I S I O N E S))
("conoció" nil (K O N O S I O))
("designar" nil (D E S I G N A R))
("superávits" nil (S U P E R A V I T S))
("net" nil (N E T))
("muchachas" nil (M U CH A CH A S))
("subversivo" nil (S U B V E R S I V O))
("tardaron" nil (T A R D A R O N))
("audeu" nil (A U D E U))
("doctores" nil (D O K T O R E S))
("decida" nil (D E S I D A))
("pálido" nil (P A L I D O))
("repentino" nil (RR E P E N T I N O))
("parientes" nil (P A R I E N T E S))
("leyendo" nil (L E Y E N D O))
("contamine" nil (K O N T A M I N E))
("guantánamo" nil (G U A N T A N A M O))
("mascota" nil (M A S K O T A))
("jacumba" nil (J A K U M B A))
("moderación" nil (M O D E R A S I O N))
("contiguo" nil (K O N T I G U O))
("japonesa" nil (J A P O N E S A))
("mientras" nil (M I E N T R A S))
("trazos" nil (T R A S O S))
("centrada" nil (S E N T R A D A))
("desaparecido" nil (D E S A P A R E S I D O))
("renovado" nil (RR E N O V A D O))
("sólidos" nil (S O L I D O S))
("tacubaya" nil (T A K U B A Y A))
("kuhen" nil (K U E N))
("televisiva" nil (T E L E V I S I V A))
("christie" nil (CH R I S T I E))
("caña" nil (K A GN A))
("regalaremos" nil (RR E G A L A R E M O S))
("formuló" nil (F O R M U L O))
("sorprendió" nil (S O R P R E N D I O))
("daña" nil (D A GN A))
("moderado" nil (M O D E R A D O))
("liquidación" nil (L I K I D A S I O N))
("coldo" nil (K O L D O))
("formulados" nil (F O R M U L A D O S))
("bancaria" nil (B A N K A R I A))
("status" nil (S T A T U S))
("promesas" nil (P R O M E S A S))
("alusión" nil (A L U S I O N))
("invirtieron" nil (I N V I R T I E R O N))
("sancti" nil (S A N K T I))
("ramala" nil (RR A M A L A))
("salaverría" nil (S A L A V E RR I A))
("alimenticias" nil (A L I M E N T I S I A S))
("palanca" nil (P A L A N K A))
("checos" nil (CH E K O S))
("estipula" nil (E S T I P U L A))
("indignado" nil (I N D I G N A D O))
("propicio" nil (P R O P I S I O))
("madrid" nil (M A D R I D))
("vitral" nil (V I T R A L))
("atribuyeron" nil (A T R I B U Y E R O N))
("soto" nil (S O T O))
("contrasta" nil (K O N T R A S T A))
("bernales" nil (B E R N A L E S))
("sótano" nil (S O T A N O))
